INFO 2026-03-06 11:30:46,081 autoreload 5316 4156 Watching for file changes with StatReloader
INFO 2026-03-06 11:30:49,782 utils 5316 4156 NumExpr defaulting to 8 threads.
WARNING 2026-03-06 11:31:14,128 log 5316 7700 Not Found: /favicon.ico
INFO 2026-03-06 11:31:25,200 views 5316 12172 ==================================================
INFO 2026-03-06 11:31:25,201 views 5316 12172 Processing message request
INFO 2026-03-06 11:31:25,202 views 5316 12172 User message: 'Can I track my order?'
INFO 2026-03-06 11:31:25,213 views 5316 12172 Session ID: 944d102b-ea19-4ca1-a64d-6f3d6189ed7b
INFO 2026-03-06 11:31:25,237 views 5316 12172 Found 3 active FAQs
INFO 2026-03-06 11:31:25,238 views 5316 12172 FAQ 1: Can I track my order?...
INFO 2026-03-06 11:31:25,239 views 5316 12172 FAQ 2: What is your return policy?...
INFO 2026-03-06 11:31:25,239 views 5316 12172 FAQ 3: How long does shipping usually take?...
INFO 2026-03-06 11:31:25,239 views 5316 12172 Preparing FAQs for matching...
INFO 2026-03-06 11:31:25,253 views 5316 12172 Getting response for: 'Can I track my order?'
INFO 2026-03-06 11:31:25,330 views 5316 12172 Result from NLP: {'answer': "Yes! Once your order ships, you'll receive a tracking number via email. You can also track your order by logging into your account and viewing your order history. The tracking information updates in real-time as your package moves through our delivery network.", 'confidence': 0.8094756454633589, 'matches': [{'faq': <FAQ: Can I track my order?>, 'score': 0.8094756454633589, 'question': 'Can I track my order?', 'answer': "Yes! Once your order ships, you'll receive a tracking number via email. You can also track your order by logging into your account and viewing your order history. The tracking information updates in real-time as your package moves through our delivery network."}], 'found': True}
INFO 2026-03-06 11:31:25,334 views 5316 12172 Response data: {'answer': "Yes! Once your order ships, you'll receive a tracking number via email. You can also track your order by logging into your account and viewing your order history. The tracking information updates in real-time as your package moves through our delivery network.", 'confidence': 0.8094756454633589, 'found': True, 'matches': [{'question': 'Can I track my order?', 'answer': "Yes! Once your order ships, you'll receive a tracking number via email. You can also track your order by logging into your account and viewing your order history. The tracking information updates in real-time as your package moves through our delivery network.", 'score': 0.8094756454633589}]}
INFO 2026-03-06 11:31:25,342 views 5316 12172 Matched FAQ: Can I track my order?
INFO 2026-03-06 11:31:25,355 views 5316 12172 Response sent successfully
INFO 2026-03-06 11:32:01,249 views 5316 12172 ==================================================
INFO 2026-03-06 11:32:01,249 views 5316 12172 Processing message request
INFO 2026-03-06 11:32:01,250 views 5316 12172 User message: 'how much time delivery is taking?'
INFO 2026-03-06 11:32:01,255 views 5316 12172 Session ID: 944d102b-ea19-4ca1-a64d-6f3d6189ed7b
INFO 2026-03-06 11:32:01,273 views 5316 12172 Found 3 active FAQs
INFO 2026-03-06 11:32:01,273 views 5316 12172 FAQ 1: Can I track my order?...
INFO 2026-03-06 11:32:01,273 views 5316 12172 FAQ 2: What is your return policy?...
INFO 2026-03-06 11:32:01,273 views 5316 12172 FAQ 3: How long does shipping usually take?...
INFO 2026-03-06 11:32:01,278 views 5316 12172 Preparing FAQs for matching...
INFO 2026-03-06 11:32:01,287 views 5316 12172 Getting response for: 'how much time delivery is taking?'
INFO 2026-03-06 11:32:01,305 views 5316 12172 Result from NLP: {'answer': "I'm sorry, I don't have an answer for that question. Please try rephrasing or contact support.", 'confidence': 0.0, 'matches': [], 'found': False}
INFO 2026-03-06 11:32:01,305 views 5316 12172 Response data: {'answer': "I'm sorry, I don't have an answer for that question. Please try rephrasing or contact support.", 'confidence': 0.0, 'found': False, 'matches': []}
INFO 2026-03-06 11:32:01,321 views 5316 12172 Response sent successfully
INFO 2026-03-06 11:32:55,064 views 5316 12172 ==================================================
INFO 2026-03-06 11:32:55,066 views 5316 12172 Processing message request
INFO 2026-03-06 11:32:55,068 views 5316 12172 User message: 'How do I track my order?'
INFO 2026-03-06 11:32:55,089 views 5316 12172 Session ID: 944d102b-ea19-4ca1-a64d-6f3d6189ed7b
INFO 2026-03-06 11:32:55,118 views 5316 12172 Found 3 active FAQs
INFO 2026-03-06 11:32:55,121 views 5316 12172 FAQ 1: Can I track my order?...
INFO 2026-03-06 11:32:55,122 views 5316 12172 FAQ 2: What is your return policy?...
INFO 2026-03-06 11:32:55,123 views 5316 12172 FAQ 3: How long does shipping usually take?...
INFO 2026-03-06 11:32:55,124 views 5316 12172 Preparing FAQs for matching...
INFO 2026-03-06 11:32:55,138 views 5316 12172 Getting response for: 'How do I track my order?'
INFO 2026-03-06 11:32:55,199 views 5316 12172 Result from NLP: {'answer': "Yes! Once your order ships, you'll receive a tracking number via email. You can also track your order by logging into your account and viewing your order history. The tracking information updates in real-time as your package moves through our delivery network.", 'confidence': 0.8094756454633589, 'matches': [{'faq': <FAQ: Can I track my order?>, 'score': 0.8094756454633589, 'question': 'Can I track my order?', 'answer': "Yes! Once your order ships, you'll receive a tracking number via email. You can also track your order by logging into your account and viewing your order history. The tracking information updates in real-time as your package moves through our delivery network."}], 'found': True}
INFO 2026-03-06 11:32:55,204 views 5316 12172 Response data: {'answer': "Yes! Once your order ships, you'll receive a tracking number via email. You can also track your order by logging into your account and viewing your order history. The tracking information updates in real-time as your package moves through our delivery network.", 'confidence': 0.8094756454633589, 'found': True, 'matches': [{'question': 'Can I track my order?', 'answer': "Yes! Once your order ships, you'll receive a tracking number via email. You can also track your order by logging into your account and viewing your order history. The tracking information updates in real-time as your package moves through our delivery network.", 'score': 0.8094756454633589}]}
INFO 2026-03-06 11:32:55,217 views 5316 12172 Matched FAQ: Can I track my order?
INFO 2026-03-06 11:32:55,232 views 5316 12172 Response sent successfully
INFO 2026-03-06 11:33:15,274 views 5316 12172 ==================================================
INFO 2026-03-06 11:33:15,276 views 5316 12172 Processing message request
INFO 2026-03-06 11:33:15,277 views 5316 12172 User message: 'Can I track my oder?'
INFO 2026-03-06 11:33:15,296 views 5316 12172 Session ID: 944d102b-ea19-4ca1-a64d-6f3d6189ed7b
INFO 2026-03-06 11:33:15,322 views 5316 12172 Found 3 active FAQs
INFO 2026-03-06 11:33:15,324 views 5316 12172 FAQ 1: Can I track my order?...
INFO 2026-03-06 11:33:15,325 views 5316 12172 FAQ 2: What is your return policy?...
INFO 2026-03-06 11:33:15,327 views 5316 12172 FAQ 3: How long does shipping usually take?...
INFO 2026-03-06 11:33:15,328 views 5316 12172 Preparing FAQs for matching...
INFO 2026-03-06 11:33:15,339 views 5316 12172 Getting response for: 'Can I track my oder?'
INFO 2026-03-06 11:33:15,404 views 5316 12172 Result from NLP: {'answer': "Yes! Once your order ships, you'll receive a tracking number via email. You can also track your order by logging into your account and viewing your order history. The tracking information updates in real-time as your package moves through our delivery network.", 'confidence': 0.4673509818107163, 'matches': [{'faq': <FAQ: Can I track my order?>, 'score': 0.4673509818107163, 'question': 'Can I track my order?', 'answer': "Yes! Once your order ships, you'll receive a tracking number via email. You can also track your order by logging into your account and viewing your order history. The tracking information updates in real-time as your package moves through our delivery network."}], 'found': True}
INFO 2026-03-06 11:33:15,410 views 5316 12172 Response data: {'answer': "Yes! Once your order ships, you'll receive a tracking number via email. You can also track your order by logging into your account and viewing your order history. The tracking information updates in real-time as your package moves through our delivery network.", 'confidence': 0.4673509818107163, 'found': True, 'matches': [{'question': 'Can I track my order?', 'answer': "Yes! Once your order ships, you'll receive a tracking number via email. You can also track your order by logging into your account and viewing your order history. The tracking information updates in real-time as your package moves through our delivery network.", 'score': 0.4673509818107163}]}
INFO 2026-03-06 11:33:15,421 views 5316 12172 Matched FAQ: Can I track my order?
INFO 2026-03-06 11:33:15,436 views 5316 12172 Response sent successfully
INFO 2026-03-06 11:33:29,852 views 5316 12172 ==================================================
INFO 2026-03-06 11:33:29,853 views 5316 12172 Processing message request
INFO 2026-03-06 11:33:29,855 views 5316 12172 User message: 'I want to know where my order is?'
INFO 2026-03-06 11:33:29,869 views 5316 12172 Session ID: 944d102b-ea19-4ca1-a64d-6f3d6189ed7b
INFO 2026-03-06 11:33:29,897 views 5316 12172 Found 3 active FAQs
INFO 2026-03-06 11:33:29,898 views 5316 12172 FAQ 1: Can I track my order?...
INFO 2026-03-06 11:33:29,899 views 5316 12172 FAQ 2: What is your return policy?...
INFO 2026-03-06 11:33:29,900 views 5316 12172 FAQ 3: How long does shipping usually take?...
INFO 2026-03-06 11:33:29,902 views 5316 12172 Preparing FAQs for matching...
INFO 2026-03-06 11:33:29,912 views 5316 12172 Getting response for: 'I want to know where my order is?'
INFO 2026-03-06 11:33:29,971 views 5316 12172 Result from NLP: {'answer': "Yes! Once your order ships, you'll receive a tracking number via email. You can also track your order by logging into your account and viewing your order history. The tracking information updates in real-time as your package moves through our delivery network.", 'confidence': 0.4673509818107163, 'matches': [{'faq': <FAQ: Can I track my order?>, 'score': 0.4673509818107163, 'question': 'Can I track my order?', 'answer': "Yes! Once your order ships, you'll receive a tracking number via email. You can also track your order by logging into your account and viewing your order history. The tracking information updates in real-time as your package moves through our delivery network."}], 'found': True}
INFO 2026-03-06 11:33:29,978 views 5316 12172 Response data: {'answer': "Yes! Once your order ships, you'll receive a tracking number via email. You can also track your order by logging into your account and viewing your order history. The tracking information updates in real-time as your package moves through our delivery network.", 'confidence': 0.4673509818107163, 'found': True, 'matches': [{'question': 'Can I track my order?', 'answer': "Yes! Once your order ships, you'll receive a tracking number via email. You can also track your order by logging into your account and viewing your order history. The tracking information updates in real-time as your package moves through our delivery network.", 'score': 0.4673509818107163}]}
INFO 2026-03-06 11:33:29,985 views 5316 12172 Matched FAQ: Can I track my order?
INFO 2026-03-06 11:33:30,000 views 5316 12172 Response sent successfully
INFO 2026-03-06 11:33:46,599 views 5316 12172 ==================================================
INFO 2026-03-06 11:33:46,600 views 5316 12172 Processing message request
INFO 2026-03-06 11:33:46,601 views 5316 12172 User message: 'Tell me about your return policy'
INFO 2026-03-06 11:33:46,609 views 5316 12172 Session ID: 944d102b-ea19-4ca1-a64d-6f3d6189ed7b
INFO 2026-03-06 11:33:46,630 views 5316 12172 Found 3 active FAQs
INFO 2026-03-06 11:33:46,631 views 5316 12172 FAQ 1: Can I track my order?...
INFO 2026-03-06 11:33:46,632 views 5316 12172 FAQ 2: What is your return policy?...
INFO 2026-03-06 11:33:46,633 views 5316 12172 FAQ 3: How long does shipping usually take?...
INFO 2026-03-06 11:33:46,634 views 5316 12172 Preparing FAQs for matching...
INFO 2026-03-06 11:33:46,634 views 5316 12172 Getting response for: 'Tell me about your return policy'
INFO 2026-03-06 11:33:46,670 views 5316 12172 Result from NLP: {'answer': "We offer a 30-day return policy for all unused items in their original packaging. To initiate a return, log into your account, select the order, and choose 'Return Items'. You'll receive a return shipping label via email. Refunds are processed within 5-7 business days after we receive the item.", 'confidence': 0.8528594727796954, 'matches': [{'faq': <FAQ: What is your return policy?>, 'score': 0.8528594727796954, 'question': 'What is your return policy?', 'answer': "We offer a 30-day return policy for all unused items in their original packaging. To initiate a return, log into your account, select the order, and choose 'Return Items'. You'll receive a return shipping label via email. Refunds are processed within 5-7 business days after we receive the item."}], 'found': True}
INFO 2026-03-06 11:33:46,671 views 5316 12172 Response data: {'answer': "We offer a 30-day return policy for all unused items in their original packaging. To initiate a return, log into your account, select the order, and choose 'Return Items'. You'll receive a return shipping label via email. Refunds are processed within 5-7 business days after we receive the item.", 'confidence': 0.8528594727796954, 'found': True, 'matches': [{'question': 'What is your return policy?', 'answer': "We offer a 30-day return policy for all unused items in their original packaging. To initiate a return, log into your account, select the order, and choose 'Return Items'. You'll receive a return shipping label via email. Refunds are processed within 5-7 business days after we receive the item.", 'score': 0.8528594727796954}]}
INFO 2026-03-06 11:33:46,675 views 5316 12172 Matched FAQ: What is your return policy?
INFO 2026-03-06 11:33:46,688 views 5316 12172 Response sent successfully
INFO 2026-03-06 11:39:53,139 views 5316 13944 ==================================================
INFO 2026-03-06 11:39:53,139 views 5316 13944 Processing message request
INFO 2026-03-06 11:39:53,139 views 5316 13944 User message: 'what is return policy'
INFO 2026-03-06 11:39:53,139 views 5316 13944 Session ID: 944d102b-ea19-4ca1-a64d-6f3d6189ed7b
INFO 2026-03-06 11:39:53,168 views 5316 13944 Found 3 active FAQs
INFO 2026-03-06 11:39:53,169 views 5316 13944 FAQ 1: Can I track my order?...
INFO 2026-03-06 11:39:53,170 views 5316 13944 FAQ 2: What is your return policy?...
INFO 2026-03-06 11:39:53,170 views 5316 13944 FAQ 3: How long does shipping usually take?...
INFO 2026-03-06 11:39:53,170 views 5316 13944 Preparing FAQs for matching...
INFO 2026-03-06 11:39:53,173 views 5316 13944 Getting response for: 'what is return policy'
INFO 2026-03-06 11:39:53,199 views 5316 13944 Result from NLP: {'answer': "We offer a 30-day return policy for all unused items in their original packaging. To initiate a return, log into your account, select the order, and choose 'Return Items'. You'll receive a return shipping label via email. Refunds are processed within 5-7 business days after we receive the item.", 'confidence': 0.8528594727796954, 'matches': [{'faq': <FAQ: What is your return policy?>, 'score': 0.8528594727796954, 'question': 'What is your return policy?', 'answer': "We offer a 30-day return policy for all unused items in their original packaging. To initiate a return, log into your account, select the order, and choose 'Return Items'. You'll receive a return shipping label via email. Refunds are processed within 5-7 business days after we receive the item."}], 'found': True}
INFO 2026-03-06 11:39:53,207 views 5316 13944 Response data: {'answer': "We offer a 30-day return policy for all unused items in their original packaging. To initiate a return, log into your account, select the order, and choose 'Return Items'. You'll receive a return shipping label via email. Refunds are processed within 5-7 business days after we receive the item.", 'confidence': 0.8528594727796954, 'found': True, 'matches': [{'question': 'What is your return policy?', 'answer': "We offer a 30-day return policy for all unused items in their original packaging. To initiate a return, log into your account, select the order, and choose 'Return Items'. You'll receive a return shipping label via email. Refunds are processed within 5-7 business days after we receive the item.", 'score': 0.8528594727796954}]}
INFO 2026-03-06 11:39:53,211 views 5316 13944 Matched FAQ: What is your return policy?
INFO 2026-03-06 11:39:53,215 views 5316 13944 Response sent successfully
INFO 2026-03-06 11:41:49,200 autoreload 5316 4156 F:\WEB ENGINEERING\ApexcifyTechnologys\faq_chatbot\chatbot\urls.py changed, reloading.
INFO 2026-03-06 11:41:50,903 autoreload 16200 12256 Watching for file changes with StatReloader
INFO 2026-03-06 11:41:52,515 utils 16200 12256 NumExpr defaulting to 8 threads.
INFO 2026-03-06 11:42:26,532 autoreload 16200 12256 F:\WEB ENGINEERING\ApexcifyTechnologys\faq_chatbot\chatbot\views.py changed, reloading.
INFO 2026-03-06 11:42:28,075 autoreload 13840 2400 Watching for file changes with StatReloader
INFO 2026-03-06 11:42:29,519 utils 13840 2400 NumExpr defaulting to 8 threads.
ERROR 2026-03-06 11:43:14,572 log 13840 13864 Internal Server Error: /
Traceback (most recent call last):
  File "F:\conda\Lib\site-packages\django\core\handlers\exception.py", line 55, in inner
    response = get_response(request)
               ^^^^^^^^^^^^^^^^^^^^^
  File "F:\conda\Lib\site-packages\django\core\handlers\base.py", line 197, in _get_response
    response = wrapped_callback(request, *callback_args, **callback_kwargs)
               ^^^^^^^^^^^^^^^^^^^^^^^^^^^^^^^^^^^^^^^^^^^^^^^^^^^^^^^^^^^^
  File "F:\WEB ENGINEERING\ApexcifyTechnologys\faq_chatbot\chatbot\views.py", line 16, in index
    return render(request, 'chatbot/index.html')
           ^^^^^^^^^^^^^^^^^^^^^^^^^^^^^^^^^^^^^
  File "F:\conda\Lib\site-packages\django\shortcuts.py", line 25, in render
    content = loader.render_to_string(template_name, context, request, using=using)
              ^^^^^^^^^^^^^^^^^^^^^^^^^^^^^^^^^^^^^^^^^^^^^^^^^^^^^^^^^^^^^^^^^^^^^
  File "F:\conda\Lib\site-packages\django\template\loader.py", line 62, in render_to_string
    return template.render(context, request)
           ^^^^^^^^^^^^^^^^^^^^^^^^^^^^^^^^^
  File "F:\conda\Lib\site-packages\django\template\backends\django.py", line 107, in render
    return self.template.render(context)
           ^^^^^^^^^^^^^^^^^^^^^^^^^^^^^
  File "F:\conda\Lib\site-packages\django\template\base.py", line 171, in render
    return self._render(context)
           ^^^^^^^^^^^^^^^^^^^^^
  File "F:\conda\Lib\site-packages\django\template\base.py", line 163, in _render
    return self.nodelist.render(context)
           ^^^^^^^^^^^^^^^^^^^^^^^^^^^^^
  File "F:\conda\Lib\site-packages\django\template\base.py", line 1008, in render
    return SafeString("".join([node.render_annotated(context) for node in self]))
                               ^^^^^^^^^^^^^^^^^^^^^^^^^^^^^^
  File "F:\conda\Lib\site-packages\django\template\base.py", line 969, in render_annotated
    return self.render(context)
           ^^^^^^^^^^^^^^^^^^^^
  File "F:\conda\Lib\site-packages\django\template\loader_tags.py", line 159, in render
    return compiled_parent._render(context)
           ^^^^^^^^^^^^^^^^^^^^^^^^^^^^^^^^
  File "F:\conda\Lib\site-packages\django\template\base.py", line 163, in _render
    return self.nodelist.render(context)
           ^^^^^^^^^^^^^^^^^^^^^^^^^^^^^
  File "F:\conda\Lib\site-packages\django\template\base.py", line 1008, in render
    return SafeString("".join([node.render_annotated(context) for node in self]))
                               ^^^^^^^^^^^^^^^^^^^^^^^^^^^^^^
  File "F:\conda\Lib\site-packages\django\template\base.py", line 969, in render_annotated
    return self.render(context)
           ^^^^^^^^^^^^^^^^^^^^
  File "F:\conda\Lib\site-packages\django\template\defaulttags.py", line 480, in render
    url = reverse(view_name, args=args, kwargs=kwargs, current_app=current_app)
          ^^^^^^^^^^^^^^^^^^^^^^^^^^^^^^^^^^^^^^^^^^^^^^^^^^^^^^^^^^^^^^^^^^^^^
  File "F:\conda\Lib\site-packages\django\urls\base.py", line 88, in reverse
    return resolver._reverse_with_prefix(view, prefix, *args, **kwargs)
           ^^^^^^^^^^^^^^^^^^^^^^^^^^^^^^^^^^^^^^^^^^^^^^^^^^^^^^^^^^^^
  File "F:\conda\Lib\site-packages\django\urls\resolvers.py", line 831, in _reverse_with_prefix
    raise NoReverseMatch(msg)
django.urls.exceptions.NoReverseMatch: Reverse for 'chat_interface' not found. 'chat_interface' is not a valid view function or pattern name.
WARNING 2026-03-06 11:43:16,439 log 13840 13864 Not Found: /favicon.ico
WARNING 2026-03-06 11:45:27,445 log 13840 13864 Not Found: /favicon.ico
INFO 2026-03-06 11:45:37,606 views 13840 13864 ==================================================
INFO 2026-03-06 11:45:37,606 views 13840 13864 Processing message request
INFO 2026-03-06 11:45:37,606 views 13840 13864 User message: 'Return policy'
INFO 2026-03-06 11:45:37,623 views 13840 13864 Session ID: 944d102b-ea19-4ca1-a64d-6f3d6189ed7b
INFO 2026-03-06 11:45:37,645 views 13840 13864 Found 3 active FAQs
INFO 2026-03-06 11:45:37,646 views 13840 13864 FAQ 1: Can I track my order?...
INFO 2026-03-06 11:45:37,646 views 13840 13864 FAQ 2: What is your return policy?...
INFO 2026-03-06 11:45:37,647 views 13840 13864 FAQ 3: How long does shipping usually take?...
INFO 2026-03-06 11:45:37,647 views 13840 13864 Preparing FAQs for matching...
INFO 2026-03-06 11:45:37,650 views 13840 13864 Getting response for: 'Return policy'
INFO 2026-03-06 11:45:37,675 views 13840 13864 Result from NLP: {'answer': "We offer a 30-day return policy for all unused items in their original packaging. To initiate a return, log into your account, select the order, and choose 'Return Items'. You'll receive a return shipping label via email. Refunds are processed within 5-7 business days after we receive the item.", 'confidence': 0.8528594727796954, 'matches': [{'faq': <FAQ: What is your return policy?>, 'score': 0.8528594727796954, 'question': 'What is your return policy?', 'answer': "We offer a 30-day return policy for all unused items in their original packaging. To initiate a return, log into your account, select the order, and choose 'Return Items'. You'll receive a return shipping label via email. Refunds are processed within 5-7 business days after we receive the item."}], 'found': True}
INFO 2026-03-06 11:45:37,675 views 13840 13864 Response data: {'answer': "We offer a 30-day return policy for all unused items in their original packaging. To initiate a return, log into your account, select the order, and choose 'Return Items'. You'll receive a return shipping label via email. Refunds are processed within 5-7 business days after we receive the item.", 'confidence': 0.8528594727796954, 'found': True, 'matches': [{'question': 'What is your return policy?', 'answer': "We offer a 30-day return policy for all unused items in their original packaging. To initiate a return, log into your account, select the order, and choose 'Return Items'. You'll receive a return shipping label via email. Refunds are processed within 5-7 business days after we receive the item.", 'score': 0.8528594727796954}]}
INFO 2026-03-06 11:45:37,675 views 13840 13864 Matched FAQ: What is your return policy?
INFO 2026-03-06 11:45:37,685 views 13840 13864 Response sent successfully
